2020-12-26 14:06:57  [ background-preinit:423 ] - [ INFO ]  HV000001: Hibernate Validator 6.1.6.Final
2020-12-26 14:06:57  [ restartedMain:596 ] - [ INFO ]  Starting DemoApplication using Java 1.8.0_202 on DESKTOP-ARRLAP7 with PID 20584 (C:\Users\Kitcham\IdeaProjects\demo\target\classes started by Kitcham in C:\Users\Kitcham\IdeaProjects\demo)
2020-12-26 14:06:57  [ restartedMain:599 ] - [ INFO ]  No active profile set, falling back to default profiles: default
2020-12-26 14:06:58  [ restartedMain:784 ] - [ INFO ]  Devtools property defaults active! Set 'spring.devtools.add-properties' to 'false' to disable
2020-12-26 14:06:58  [ restartedMain:785 ] - [ INFO ]  For additional web related logging consider setting the 'logging.level.web' property to 'DEBUG'
2020-12-26 14:07:03  [ restartedMain:6390 ] - [ INFO ]  Tomcat initialized with port(s): 8080 (http)
2020-12-26 14:07:05  [ restartedMain:8226 ] - [ INFO ]  Root WebApplicationContext: initialization completed in 7437 ms
2020-12-26 14:07:08  [ restartedMain:11031 ] - [ INFO ]  Initializing ExecutorService 'applicationTaskExecutor'
2020-12-26 14:07:09  [ restartedMain:11957 ] - [ INFO ]  Adding welcome page template: index
2020-12-26 14:07:09  [ restartedMain:12251 ] - [ WARN ]  [THYMELEAF][restartedMain] Template Mode 'HTML5' is deprecated. Using Template Mode 'HTML' instead.
2020-12-26 14:07:10  [ restartedMain:13139 ] - [ INFO ]  LiveReload server is running on port 35729
2020-12-26 14:07:10  [ restartedMain:13328 ] - [ INFO ]  Tomcat started on port(s): 8080 (http) with context path ''
2020-12-26 14:07:10  [ restartedMain:13432 ] - [ INFO ]  Started DemoApplication in 14.632 seconds (JVM running for 18.889)
2020-12-26 14:07:15  [ http-nio-8080-exec-1:18005 ] - [ INFO ]  Initializing Servlet 'dispatcherServlet'
2020-12-26 14:07:15  [ http-nio-8080-exec-1:18013 ] - [ INFO ]  Completed initialization in 7 ms
2020-12-26 14:07:17  [ http-nio-8080-exec-9:19932 ] - [ INFO ]  HikariPool-1 - Starting...
2020-12-26 14:07:18  [ http-nio-8080-exec-9:20815 ] - [ INFO ]  HikariPool-1 - Start completed.
2020-12-26 14:07:35  [ http-nio-8080-exec-8:38357 ] - [ ERROR ]  发生一个异常：com.example.demo.exception.ArticleException: 这篇新闻暂时没有投票
2020-12-26 14:07:35  [ http-nio-8080-exec-8:38365 ] - [ WARN ]  Resolved [com.example.demo.exception.ArticleException: 这篇新闻暂时没有投票]
2020-12-26 14:32:47  [ background-preinit:648 ] - [ INFO ]  HV000001: Hibernate Validator 6.1.6.Final
2020-12-26 14:32:48  [ restartedMain:769 ] - [ INFO ]  Starting DemoApplication using Java 1.8.0_202 on DESKTOP-ARRLAP7 with PID 13528 (C:\Users\Kitcham\IdeaProjects\demo\target\classes started by Kitcham in C:\Users\Kitcham\IdeaProjects\demo)
2020-12-26 14:32:48  [ restartedMain:771 ] - [ INFO ]  No active profile set, falling back to default profiles: default
2020-12-26 14:32:48  [ restartedMain:968 ] - [ INFO ]  Devtools property defaults active! Set 'spring.devtools.add-properties' to 'false' to disable
2020-12-26 14:32:48  [ restartedMain:968 ] - [ INFO ]  For additional web related logging consider setting the 'logging.level.web' property to 'DEBUG'
2020-12-26 14:32:51  [ restartedMain:4298 ] - [ INFO ]  Tomcat initialized with port(s): 8080 (http)
2020-12-26 14:32:52  [ restartedMain:5035 ] - [ INFO ]  Root WebApplicationContext: initialization completed in 4064 ms
2020-12-26 14:32:53  [ restartedMain:6115 ] - [ INFO ]  Initializing ExecutorService 'applicationTaskExecutor'
2020-12-26 14:32:53  [ restartedMain:6407 ] - [ INFO ]  Adding welcome page template: index
2020-12-26 14:32:53  [ restartedMain:6624 ] - [ WARN ]  [THYMELEAF][restartedMain] Template Mode 'HTML5' is deprecated. Using Template Mode 'HTML' instead.
2020-12-26 14:32:54  [ restartedMain:6925 ] - [ INFO ]  LiveReload server is running on port 35729
2020-12-26 14:32:54  [ restartedMain:7036 ] - [ INFO ]  Tomcat started on port(s): 8080 (http) with context path ''
2020-12-26 14:32:54  [ restartedMain:7100 ] - [ INFO ]  Started DemoApplication in 7.825 seconds (JVM running for 10.717)
2020-12-26 14:33:00  [ http-nio-8080-exec-1:13337 ] - [ INFO ]  Initializing Servlet 'dispatcherServlet'
2020-12-26 14:33:00  [ http-nio-8080-exec-1:13341 ] - [ INFO ]  Completed initialization in 4 ms
2020-12-26 14:33:01  [ http-nio-8080-exec-8:14242 ] - [ INFO ]  HikariPool-1 - Starting...
2020-12-26 14:33:01  [ http-nio-8080-exec-8:14502 ] - [ INFO ]  HikariPool-1 - Start completed.
2020-12-26 14:33:02  [ http-nio-8080-exec-10:14835 ] - [ ERROR ]  发生一个异常：com.example.demo.exception.ArticleException: 这篇新闻暂时没有投票
2020-12-26 14:33:02  [ http-nio-8080-exec-10:14839 ] - [ WARN ]  Resolved [com.example.demo.exception.ArticleException: 这篇新闻暂时没有投票]
2020-12-26 14:33:10  [ http-nio-8080-exec-5:23350 ] - [ ERROR ]  发生一个异常：java.lang.NullPointerException
2020-12-26 14:33:10  [ http-nio-8080-exec-5:23354 ] - [ WARN ]  Resolved [java.lang.NullPointerException]
2020-12-26 14:33:13  [ http-nio-8080-exec-5:26330 ] - [ ERROR ]  发生一个异常：com.example.demo.exception.ArticleException: 这篇新闻暂时没有投票
2020-12-26 14:33:13  [ http-nio-8080-exec-5:26335 ] - [ WARN ]  Resolved [com.example.demo.exception.ArticleException: 这篇新闻暂时没有投票]
2020-12-26 14:33:22  [ http-nio-8080-exec-9:35042 ] - [ ERROR ]  发生一个异常：com.example.demo.exception.ArticleException: 这篇新闻暂时没有投票
2020-12-26 14:33:22  [ http-nio-8080-exec-9:35046 ] - [ WARN ]  Resolved [com.example.demo.exception.ArticleException: 这篇新闻暂时没有投票]
2020-12-26 14:38:05  [ background-preinit:549 ] - [ INFO ]  HV000001: Hibernate Validator 6.1.6.Final
2020-12-26 14:38:05  [ restartedMain:754 ] - [ INFO ]  Starting DemoApplication using Java 1.8.0_202 on DESKTOP-ARRLAP7 with PID 22996 (C:\Users\Kitcham\IdeaProjects\demo\target\classes started by Kitcham in C:\Users\Kitcham\IdeaProjects\demo)
2020-12-26 14:38:05  [ restartedMain:758 ] - [ INFO ]  No active profile set, falling back to default profiles: default
2020-12-26 14:38:06  [ restartedMain:1091 ] - [ INFO ]  Devtools property defaults active! Set 'spring.devtools.add-properties' to 'false' to disable
2020-12-26 14:38:06  [ restartedMain:1092 ] - [ INFO ]  For additional web related logging consider setting the 'logging.level.web' property to 'DEBUG'
2020-12-26 14:38:12  [ restartedMain:7223 ] - [ INFO ]  Tomcat initialized with port(s): 8080 (http)
2020-12-26 14:38:13  [ restartedMain:8445 ] - [ INFO ]  Root WebApplicationContext: initialization completed in 7309 ms
2020-12-26 14:38:14  [ restartedMain:9740 ] - [ INFO ]  Initializing ExecutorService 'applicationTaskExecutor'
2020-12-26 14:38:15  [ restartedMain:10177 ] - [ INFO ]  Adding welcome page template: index
2020-12-26 14:38:15  [ restartedMain:10322 ] - [ WARN ]  [THYMELEAF][restartedMain] Template Mode 'HTML5' is deprecated. Using Template Mode 'HTML' instead.
2020-12-26 14:38:15  [ restartedMain:10620 ] - [ INFO ]  LiveReload server is running on port 35729
2020-12-26 14:38:15  [ restartedMain:10717 ] - [ INFO ]  Tomcat started on port(s): 8080 (http) with context path ''
2020-12-26 14:38:15  [ restartedMain:10775 ] - [ INFO ]  Started DemoApplication in 11.98 seconds (JVM running for 15.481)
2020-12-26 14:38:21  [ http-nio-8080-exec-1:16178 ] - [ INFO ]  Initializing Servlet 'dispatcherServlet'
2020-12-26 14:38:21  [ http-nio-8080-exec-1:16182 ] - [ INFO ]  Completed initialization in 4 ms
2020-12-26 14:38:22  [ http-nio-8080-exec-6:16991 ] - [ INFO ]  HikariPool-1 - Starting...
2020-12-26 14:38:22  [ http-nio-8080-exec-6:17239 ] - [ INFO ]  HikariPool-1 - Start completed.
2020-12-26 14:46:47  [ Thread-18:522475 ] - [ INFO ]  Shutting down ExecutorService 'applicationTaskExecutor'
2020-12-26 14:46:47  [ Thread-18:522477 ] - [ INFO ]  HikariPool-1 - Shutdown initiated...
2020-12-26 14:46:47  [ Thread-18:522560 ] - [ INFO ]  HikariPool-1 - Shutdown completed.
2020-12-26 14:46:47  [ restartedMain:522826 ] - [ INFO ]  Devtools property defaults active! Set 'spring.devtools.add-properties' to 'false' to disable
2020-12-26 14:46:47  [ restartedMain:522829 ] - [ INFO ]  For additional web related logging consider setting the 'logging.level.web' property to 'DEBUG'
2020-12-26 14:46:48  [ restartedMain:522844 ] - [ INFO ]  Starting DemoApplication using Java 1.8.0_202 on DESKTOP-ARRLAP7 with PID 22996 (started by Kitcham in C:\Users\Kitcham\IdeaProjects\demo)
2020-12-26 14:46:48  [ restartedMain:522845 ] - [ INFO ]  No active profile set, falling back to default profiles: default
2020-12-26 14:46:48  [ restartedMain:523762 ] - [ WARN ]  No MyBatis mapper was found in '[com.example.demo.mapper]' package. Please check your configuration.
